[2026-05-15T21:11:18] Main menu opened. cwd=c:\Users\lipie\Desktop\DeepEcoHAB_Main_Menu_Notebook_Package_v8 python=c:\Users\lipie\.conda\envs\camera\python.exe
[2026-05-15T21:16:17] Main menu opened. cwd=c:\Users\lipie\Desktop\DeepEcoHAB_Main_Menu_Notebook_Package_v8 python=c:\Users\lipie\.conda\envs\camera\python.exe
[2026-05-15T21:18:31] Main menu opened. cwd=c:\Users\lipie\Desktop\DeepEcoHAB_Main_Menu_Notebook_Package_v8 python=c:\Users\lipie\.conda\envs\camera\python.exe
[2026-05-15T21:20:30] Main menu opened. cwd=c:\Users\lipie\Desktop\DeepEcoHAB_Main_Menu_Notebook_Package_v8 python=c:\Users\lipie\.conda\envs\camera\python.exe
[2026-05-15T21:20:35] Launching DeepEcoHAB RFID DAQ using c:\Users\lipie\.conda\envs\camera\python.exe: C:\Users\lipie\Desktop\DeepEcoHAB_Main_Menu_Notebook_Package_v8\DeepEcoHAB_dependencies\_launcher_cache\new_board_launched.py
[2026-05-15T21:20:40] Launching Old RFID DAQ + new firmware using c:\Users\lipie\.conda\envs\camera\python.exe: C:\Users\lipie\Desktop\DeepEcoHAB_Main_Menu_Notebook_Package_v8\DeepEcoHAB_dependencies\_launcher_cache\old_board_launched.py
[2026-05-15T21:21:30] Main menu opened. cwd=c:\Users\lipie\Desktop\DeepEcoHAB_Main_Menu_Notebook_Package_v8 python=c:\Users\lipie\.conda\envs\camera\python.exe
[2026-05-15T21:21:36] Launching Old RFID DAQ + new firmware using c:\Users\lipie\.conda\envs\camera\python.exe: C:\Users\lipie\Desktop\DeepEcoHAB_Main_Menu_Notebook_Package_v8\DeepEcoHAB_dependencies\_launcher_cache\old_board_launched.py
[2026-05-15T21:23:23] Main menu opened. cwd=c:\Users\lipie\Desktop\DeepEcoHAB_Main_Menu_Notebook_Package_v8 python=c:\Users\lipie\.conda\envs\camera\python.exe
[2026-05-15T21:23:27] Launching Old RFID DAQ + new firmware using c:\Users\lipie\.conda\envs\camera\python.exe: C:\Users\lipie\Desktop\DeepEcoHAB_Main_Menu_Notebook_Package_v8\DeepEcoHAB_dependencies\_launcher_cache\old_board_launched.py
[2026-05-15T21:25:01] Main menu opened. cwd=c:\Users\lipie\Desktop\DeepEcoHAB_Main_Menu_Notebook_Package_v8 python=c:\Users\lipie\.conda\envs\camera\python.exe
[2026-05-15T21:25:05] Launching Old RFID DAQ + new firmware using c:\Users\lipie\.conda\envs\camera\python.exe: C:\Users\lipie\Desktop\DeepEcoHAB_Main_Menu_Notebook_Package_v8\DeepEcoHAB_dependencies\_launcher_cache\old_board_launched.py
[2026-05-15T21:27:06] Launching DeepEcoHAB / EcoHAB RFID dataframe reformatter using c:\Users\lipie\.conda\envs\camera\python.exe: C:\Users\lipie\Desktop\DeepEcoHAB_Main_Menu_Notebook_Package_v8\DeepEcoHAB_dependencies\_launcher_cache\reformatting_launched.py
[2026-05-23T11:15:35] Main menu opened. cwd=d:\DeepEcoHAB_Main_Menu python=c:\Users\abrosnan\Miniconda3\envs\deepecohab\python.exe
[2026-05-23T11:16:41] Main menu opened. cwd=c:\Repositories\DeepEcoHab\gui_launcher python=c:\Users\abrosnan\Miniconda3\envs\deepecohab\python.exe
[2026-05-23T11:16:50] Launching DeepEcoHAB / EcoHAB RFID dataframe reformatter using c:\Users\abrosnan\Miniconda3\envs\deepecohab\python.exe: C:\Repositories\DeepEcoHab\gui_launcher\DeepEcoHAB_dependencies\_launcher_cache\reformatting_launched.py
[2026-05-23T11:27:52] Launching DeepEcoHAB / EcoHAB RFID dataframe reformatter using c:\Users\abrosnan\Miniconda3\envs\deepecohab\python.exe: C:\Repositories\DeepEcoHab\gui_launcher\DeepEcoHAB_dependencies\_launcher_cache\reformatting_launched.py
[2026-05-25T08:43:25] Main menu opened. cwd=c:\Repositories\DeepEcoHab\gui_launcher python=c:\Users\abrosnan\Miniconda3\envs\deepecohab\python.exe
[2026-05-26T12:00:06] Launching DeepEcoHAB / EcoHAB RFID dataframe reformatter using c:\Users\abrosnan\Miniconda3\envs\deepecohab\python.exe: C:\Repositories\DeepEcoHab\gui_launcher\DeepEcoHAB_dependencies\_launcher_cache\reformatting_launched.py
[2026-05-28T09:36:32] Main menu opened. cwd=c:\Repositories\DeepEcoHab\gui_launcher python=c:\Users\abrosnan\Miniconda3\envs\deepecohab\python.exe
[2026-05-28T09:36:45] Launching Old RFID DAQ + new firmware using c:\Users\abrosnan\Miniconda3\envs\deepecohab\python.exe: C:\Repositories\DeepEcoHab\gui_launcher\DeepEcoHAB_dependencies\_launcher_cache\old_board_launched.py
[2026-05-28T09:38:45] Launching Old RFID DAQ + new firmware using c:\Users\abrosnan\Miniconda3\envs\deepecohab\python.exe: C:\Repositories\DeepEcoHab\gui_launcher\DeepEcoHAB_dependencies\_launcher_cache\old_board_launched.py
[2026-05-28T11:45:08] Launching DeepEcoHAB / EcoHAB RFID dataframe reformatter using c:\Users\abrosnan\Miniconda3\envs\deepecohab\python.exe: C:\Repositories\DeepEcoHab\gui_launcher\DeepEcoHAB_dependencies\_launcher_cache\reformatting_launched.py
[2026-05-29T10:13:18] Launching Old RFID DAQ + new firmware using c:\Users\abrosnan\Miniconda3\envs\deepecohab\python.exe: C:\Repositories\DeepEcoHab\gui_launcher\DeepEcoHAB_dependencies\_launcher_cache\old_board_launched.py
[2026-05-29T10:14:37] Launching Old RFID DAQ + new firmware using c:\Users\abrosnan\Miniconda3\envs\deepecohab\python.exe: C:\Repositories\DeepEcoHab\gui_launcher\DeepEcoHAB_dependencies\_launcher_cache\old_board_launched.py
[2026-05-29T14:13:37] Main menu opened. cwd=c:\Repositories\DeepEcoHab\gui_launcher python=c:\Users\abrosnan\Miniconda3\envs\deepecohab\python.exe
[2026-05-29T14:13:39] Launching DeepEcoHAB / EcoHAB RFID dataframe reformatter using c:\Users\abrosnan\Miniconda3\envs\deepecohab\python.exe: C:\Repositories\DeepEcoHab\gui_launcher\DeepEcoHAB_dependencies\_launcher_cache\reformatting_launched.py
[2026-05-29T14:17:57] Launching Old RFID DAQ + new firmware using c:\Users\abrosnan\Miniconda3\envs\deepecohab\python.exe: C:\Repositories\DeepEcoHab\gui_launcher\DeepEcoHAB_dependencies\_launcher_cache\old_board_launched.py
[2026-05-29T14:18:02] Launching DeepEcoHAB / EcoHAB RFID dataframe reformatter using c:\Users\abrosnan\Miniconda3\envs\deepecohab\python.exe: C:\Repositories\DeepEcoHab\gui_launcher\DeepEcoHAB_dependencies\_launcher_cache\reformatting_launched.py
[2026-05-31T16:15:32] Main menu opened. cwd=c:\Repositories\DeepEcoHab\gui_launcher python=c:\Users\abrosnan\Miniconda3\envs\deepecohab\python.exe
[2026-05-31T16:16:05] Main menu opened. cwd=c:\Repositories\DeepEcoHab\gui_launcher python=c:\Users\abrosnan\Miniconda3\envs\deepecohab\python.exe
[2026-05-31T16:16:08] Launching DeepEcoHAB / EcoHAB RFID dataframe reformatter using c:\Users\abrosnan\Miniconda3\envs\deepecohab\python.exe: C:\Repositories\DeepEcoHab\gui_launcher\DeepEcoHAB_dependencies\_launcher_cache\reformatting_launched.py
[2026-06-08T14:59:07] Main menu opened. cwd=c:\Repositories\DeepEcoHab\gui_launcher python=c:\Users\abrosnan\Miniconda3\envs\deepecohab\python.exe
[2026-06-08T14:59:15] Launching DeepEcoHAB / EcoHAB RFID dataframe reformatter using c:\Users\abrosnan\Miniconda3\envs\deepecohab\python.exe: C:\Repositories\DeepEcoHab\gui_launcher\DeepEcoHAB_dependencies\_launcher_cache\reformatting_launched.py
[2026-06-08T15:01:25] Launching Old RFID DAQ + new firmware using c:\Users\abrosnan\Miniconda3\envs\deepecohab\python.exe: C:\Repositories\DeepEcoHab\gui_launcher\DeepEcoHAB_dependencies\_launcher_cache\old_board_launched.py
[2026-06-24T15:43:14] Main menu opened. cwd=c:\Repositories\DeepEcoHab\gui_launcher python=c:\Users\abrosnan\miniconda3\envs\deepecohab\python.exe
[2026-06-24T15:43:17] Launching DeepEcoHAB / EcoHAB RFID dataframe reformatter using c:\Users\abrosnan\miniconda3\envs\deepecohab\python.exe: C:\Repositories\DeepEcoHab\gui_launcher\DeepEcoHAB_dependencies\_launcher_cache\reformatting_launched.py
[2026-06-25T09:03:35] Main menu opened. cwd=c:\Repositories\DeepEcoHab\gui_launcher python=c:\Users\abrosnan\miniconda3\envs\deepecohab\python.exe
[2026-06-25T09:03:39] Launching DeepEcoHAB / EcoHAB RFID dataframe reformatter using c:\Users\abrosnan\miniconda3\envs\deepecohab\python.exe: C:\Repositories\DeepEcoHab\gui_launcher\DeepEcoHAB_dependencies\_launcher_cache\reformatting_launched.py
[2026-06-26T11:06:47] Main menu opened. cwd=c:\Repositories\DeepEcoHab\gui_launcher python=c:\Users\abrosnan\miniconda3\envs\deepecohab\python.exe
[2026-06-26T11:06:48] Main menu opened. cwd=c:\Repositories\DeepEcoHab\gui_launcher python=c:\Users\abrosnan\miniconda3\envs\deepecohab\python.exe
[2026-06-26T11:06:51] Launching DeepEcoHAB / EcoHAB RFID dataframe reformatter using c:\Users\abrosnan\miniconda3\envs\deepecohab\python.exe: C:\Repositories\DeepEcoHab\gui_launcher\DeepEcoHAB_dependencies\_launcher_cache\reformatting_launched.py
