

----- Launch Old RFID DAQ + new firmware at 2026-05-15T21:20:40 -----
Python: c:\Users\lipie\.conda\envs\camera\python.exe
Script: C:\Users\lipie\Desktop\DeepEcoHAB_Main_Menu_Notebook_Package_v8\DeepEcoHAB_dependencies\_launcher_cache\old_board_launched.py


----- Launch Old RFID DAQ + new firmware at 2026-05-15T21:21:36 -----
Python: c:\Users\lipie\.conda\envs\camera\python.exe
Script: C:\Users\lipie\Desktop\DeepEcoHAB_Main_Menu_Notebook_Package_v8\DeepEcoHAB_dependencies\_launcher_cache\old_board_launched.py


----- Launch Old RFID DAQ + new firmware at 2026-05-15T21:23:27 -----
Python: c:\Users\lipie\.conda\envs\camera\python.exe
Script: C:\Users\lipie\Desktop\DeepEcoHAB_Main_Menu_Notebook_Package_v8\DeepEcoHAB_dependencies\_launcher_cache\old_board_launched.py


----- Launch Old RFID DAQ + new firmware at 2026-05-15T21:25:05 -----
Python: c:\Users\lipie\.conda\envs\camera\python.exe
Script: C:\Users\lipie\Desktop\DeepEcoHAB_Main_Menu_Notebook_Package_v8\DeepEcoHAB_dependencies\_launcher_cache\old_board_launched.py


----- Launch Old RFID DAQ + new firmware at 2026-05-28T09:36:45 -----
Python: c:\Users\abrosnan\Miniconda3\envs\deepecohab\python.exe
Script: C:\Repositories\DeepEcoHab\gui_launcher\DeepEcoHAB_dependencies\_launcher_cache\old_board_launched.py


----- Launch Old RFID DAQ + new firmware at 2026-05-28T09:38:45 -----
Python: c:\Users\abrosnan\Miniconda3\envs\deepecohab\python.exe
Script: C:\Repositories\DeepEcoHab\gui_launcher\DeepEcoHAB_dependencies\_launcher_cache\old_board_launched.py


----- Launch Old RFID DAQ + new firmware at 2026-05-29T10:13:18 -----
Python: c:\Users\abrosnan\Miniconda3\envs\deepecohab\python.exe
Script: C:\Repositories\DeepEcoHab\gui_launcher\DeepEcoHAB_dependencies\_launcher_cache\old_board_launched.py


----- Launch Old RFID DAQ + new firmware at 2026-05-29T10:14:37 -----
Python: c:\Users\abrosnan\Miniconda3\envs\deepecohab\python.exe
Script: C:\Repositories\DeepEcoHab\gui_launcher\DeepEcoHAB_dependencies\_launcher_cache\old_board_launched.py


----- Launch Old RFID DAQ + new firmware at 2026-05-29T14:17:57 -----
Python: c:\Users\abrosnan\Miniconda3\envs\deepecohab\python.exe
Script: C:\Repositories\DeepEcoHab\gui_launcher\DeepEcoHAB_dependencies\_launcher_cache\old_board_launched.py


----- Launch Old RFID DAQ + new firmware at 2026-06-08T15:01:25 -----
Python: c:\Users\abrosnan\Miniconda3\envs\deepecohab\python.exe
Script: C:\Repositories\DeepEcoHab\gui_launcher\DeepEcoHAB_dependencies\_launcher_cache\old_board_launched.py
