

----- Launch DeepEcoHAB / EcoHAB RFID dataframe reformatter at 2026-05-15T21:27:06 -----
Python: c:\Users\lipie\.conda\envs\camera\python.exe
Script: C:\Users\lipie\Desktop\DeepEcoHAB_Main_Menu_Notebook_Package_v8\DeepEcoHAB_dependencies\_launcher_cache\reformatting_launched.py


----- Launch DeepEcoHAB / EcoHAB RFID dataframe reformatter at 2026-05-23T11:16:50 -----
Python: c:\Users\abrosnan\Miniconda3\envs\deepecohab\python.exe
Script: C:\Repositories\DeepEcoHab\gui_launcher\DeepEcoHAB_dependencies\_launcher_cache\reformatting_launched.py


----- Launch DeepEcoHAB / EcoHAB RFID dataframe reformatter at 2026-05-23T11:27:52 -----
Python: c:\Users\abrosnan\Miniconda3\envs\deepecohab\python.exe
Script: C:\Repositories\DeepEcoHab\gui_launcher\DeepEcoHAB_dependencies\_launcher_cache\reformatting_launched.py


----- Launch DeepEcoHAB / EcoHAB RFID dataframe reformatter at 2026-05-26T12:00:06 -----
Python: c:\Users\abrosnan\Miniconda3\envs\deepecohab\python.exe
Script: C:\Repositories\DeepEcoHab\gui_launcher\DeepEcoHAB_dependencies\_launcher_cache\reformatting_launched.py


----- Launch DeepEcoHAB / EcoHAB RFID dataframe reformatter at 2026-05-28T11:45:08 -----
Python: c:\Users\abrosnan\Miniconda3\envs\deepecohab\python.exe
Script: C:\Repositories\DeepEcoHab\gui_launcher\DeepEcoHAB_dependencies\_launcher_cache\reformatting_launched.py


----- Launch DeepEcoHAB / EcoHAB RFID dataframe reformatter at 2026-05-29T14:13:39 -----
Python: c:\Users\abrosnan\Miniconda3\envs\deepecohab\python.exe
Script: C:\Repositories\DeepEcoHab\gui_launcher\DeepEcoHAB_dependencies\_launcher_cache\reformatting_launched.py


----- Launch DeepEcoHAB / EcoHAB RFID dataframe reformatter at 2026-05-29T14:18:02 -----
Python: c:\Users\abrosnan\Miniconda3\envs\deepecohab\python.exe
Script: C:\Repositories\DeepEcoHab\gui_launcher\DeepEcoHAB_dependencies\_launcher_cache\reformatting_launched.py


----- Launch DeepEcoHAB / EcoHAB RFID dataframe reformatter at 2026-05-31T16:16:08 -----
Python: c:\Users\abrosnan\Miniconda3\envs\deepecohab\python.exe
Script: C:\Repositories\DeepEcoHab\gui_launcher\DeepEcoHAB_dependencies\_launcher_cache\reformatting_launched.py


----- Launch DeepEcoHAB / EcoHAB RFID dataframe reformatter at 2026-06-08T14:59:15 -----
Python: c:\Users\abrosnan\Miniconda3\envs\deepecohab\python.exe
Script: C:\Repositories\DeepEcoHab\gui_launcher\DeepEcoHAB_dependencies\_launcher_cache\reformatting_launched.py


----- Launch DeepEcoHAB / EcoHAB RFID dataframe reformatter at 2026-06-24T15:43:17 -----
Python: c:\Users\abrosnan\miniconda3\envs\deepecohab\python.exe
Script: C:\Repositories\DeepEcoHab\gui_launcher\DeepEcoHAB_dependencies\_launcher_cache\reformatting_launched.py


----- Launch DeepEcoHAB / EcoHAB RFID dataframe reformatter at 2026-06-25T09:03:39 -----
Python: c:\Users\abrosnan\miniconda3\envs\deepecohab\python.exe
Script: C:\Repositories\DeepEcoHab\gui_launcher\DeepEcoHAB_dependencies\_launcher_cache\reformatting_launched.py


----- Launch DeepEcoHAB / EcoHAB RFID dataframe reformatter at 2026-06-26T11:06:51 -----
Python: c:\Users\abrosnan\miniconda3\envs\deepecohab\python.exe
Script: C:\Repositories\DeepEcoHab\gui_launcher\DeepEcoHAB_dependencies\_launcher_cache\reformatting_launched.py
